<?xml version="1.0" encoding="UTF-8"?>
<!-- Generated by org.testng.reporters.JUnitXMLReporter -->
<testsuite ignored="0" hostname="LAPTOP-SCQOJ5A4" failures="0" tests="2" name="Default test" time="45.143" errors="0" timestamp="2020-01-15T20:45:58 IST">
  <testcase classname="Selenium.Figosoft.testing.driverTestClass.ExecutionEngine" name="amazonTest" time="10.579"/>
  <testcase classname="Selenium.Figosoft.testing.driverTestClass.ExecutionEngine" name="flipkartTest" time="8.267"/>
</testsuite> <!-- Default test -->
